2021-03-11 13:08:03,812 INFO o.h.v.i.u.Version [background-preinit] HV000001: Hibernate Validator 6.1.7.Final
2021-03-11 13:08:03,855 INFO o.s.b.StartupInfoLogger [restartedMain] Starting EmployeeExpenseSystemApplication using Java 15.0.1 on LAPTOP-M21BMI1H with PID 15452 (C:\Users\91639\Desktop\Project\employee-expense-system\target\classes started by 91639 in C:\Users\91639\Desktop\Project\employee-expense-system)
2021-03-11 13:08:03,860 INFO o.s.b.SpringApplication [restartedMain] No active profile set, falling back to default profiles: default
2021-03-11 13:08:03,913 INFO o.s.b.l.DeferredLog [restartedMain] Devtools property defaults active! Set 'spring.devtools.add-properties' to 'false' to disable
2021-03-11 13:08:03,914 INFO o.s.b.l.DeferredLog [restartedMain] For additional web related logging consider setting the 'logging.level.web' property to 'DEBUG'
2021-03-11 13:08:04,693 INFO o.s.d.r.c.RepositoryConfigurationDelegate [restartedMain] Bootstrapping Spring Data JPA repositories in DEFAULT mode.
2021-03-11 13:08:04,753 INFO o.s.d.r.c.RepositoryConfigurationDelegate [restartedMain] Finished Spring Data repository scanning in 52 ms. Found 5 JPA repository interfaces.
2021-03-11 13:08:05,247 INFO o.s.b.w.e.t.TomcatWebServer [restartedMain] Tomcat initialized with port(s): 8080 (http)
2021-03-11 13:08:05,256 INFO o.a.j.l.DirectJDKLog [restartedMain] Initializing ProtocolHandler ["http-nio-8080"]
2021-03-11 13:08:05,257 INFO o.a.j.l.DirectJDKLog [restartedMain] Starting service [Tomcat]
2021-03-11 13:08:05,257 INFO o.a.j.l.DirectJDKLog [restartedMain] Starting Servlet engine: [Apache Tomcat/9.0.43]
2021-03-11 13:08:05,384 INFO o.a.j.l.DirectJDKLog [restartedMain] Initializing Spring embedded WebApplicationContext
2021-03-11 13:08:05,385 INFO o.s.b.w.s.c.ServletWebServerApplicationContext [restartedMain] Root WebApplicationContext: initialization completed in 1468 ms
2021-03-11 13:08:05,511 INFO o.h.j.i.u.LogHelper [restartedMain] HHH000204: Processing PersistenceUnitInfo [name: default]
2021-03-11 13:08:05,557 INFO o.h.Version [restartedMain] HHH000412: Hibernate ORM core version 5.4.28.Final
2021-03-11 13:08:05,667 INFO o.h.a.c.r.j.JavaReflectionManager [restartedMain] HCANN000001: Hibernate Commons Annotations {5.1.2.Final}
2021-03-11 13:08:05,782 INFO c.z.h.HikariDataSource [restartedMain] HikariPool-1 - Starting...
2021-03-11 13:08:05,995 INFO c.z.h.HikariDataSource [restartedMain] HikariPool-1 - Start completed.
2021-03-11 13:08:06,014 INFO o.h.d.Dialect [restartedMain] HHH000400: Using dialect: org.hibernate.dialect.PostgreSQLDialect
2021-03-11 13:08:07,138 INFO o.h.e.t.j.p.i.JtaPlatformInitiator [restartedMain] HHH000490: Using JtaPlatform implementation: [org.hibernate.engine.transaction.jta.platform.internal.NoJtaPlatform]
2021-03-11 13:08:07,155 INFO o.s.o.j.AbstractEntityManagerFactoryBean [restartedMain] Initialized JPA EntityManagerFactory for persistence unit 'default'
2021-03-11 13:08:07,198 INFO o.s.b.d.a.OptionalLiveReloadServer [restartedMain] LiveReload server is running on port 35729
2021-03-11 13:08:07,801 WARN o.s.b.a.o.j.JpaBaseConfiguration$JpaWebConfiguration [restartedMain] spring.jpa.open-in-view is enabled by default. Therefore, database queries may be performed during view rendering. Explicitly configure spring.jpa.open-in-view to disable this warning
2021-03-11 13:08:07,916 INFO s.d.s.w.PropertySourcedRequestMappingHandlerMapping [restartedMain] Mapped URL path [/v2/api-docs] onto method [springfox.documentation.swagger2.web.Swagger2Controller#getDocumentation(String, HttpServletRequest)]
2021-03-11 13:08:08,004 INFO o.s.s.c.ExecutorConfigurationSupport [restartedMain] Initializing ExecutorService 'applicationTaskExecutor'
2021-03-11 13:08:08,159 INFO o.a.j.l.DirectJDKLog [restartedMain] Starting ProtocolHandler ["http-nio-8080"]
2021-03-11 13:08:08,184 INFO o.s.b.w.e.t.TomcatWebServer [restartedMain] Tomcat started on port(s): 8080 (http) with context path ''
2021-03-11 13:08:08,185 INFO s.d.s.w.p.DocumentationPluginsBootstrapper [restartedMain] Context refreshed
2021-03-11 13:08:08,203 INFO s.d.s.w.p.DocumentationPluginsBootstrapper [restartedMain] Found 1 custom documentation plugin(s)
2021-03-11 13:08:08,236 INFO s.d.s.w.s.ApiListingReferenceScanner [restartedMain] Scanning for api listing references
2021-03-11 13:08:08,558 INFO o.s.b.StartupInfoLogger [restartedMain] Started EmployeeExpenseSystemApplication in 5.151 seconds (JVM running for 6.125)
2021-03-11 13:12:06,793 INFO o.s.s.c.ExecutorConfigurationSupport [Thread-5] Shutting down ExecutorService 'applicationTaskExecutor'
2021-03-11 13:12:06,798 INFO o.s.o.j.AbstractEntityManagerFactoryBean [Thread-5] Closing JPA EntityManagerFactory for persistence unit 'default'
2021-03-11 13:12:06,803 INFO c.z.h.HikariDataSource [Thread-5] HikariPool-1 - Shutdown initiated...
2021-03-11 13:12:06,807 INFO c.z.h.HikariDataSource [Thread-5] HikariPool-1 - Shutdown completed.
2021-03-11 13:12:06,912 INFO o.s.b.StartupInfoLogger [restartedMain] Starting EmployeeExpenseSystemApplication using Java 15.0.1 on LAPTOP-M21BMI1H with PID 15452 (C:\Users\91639\Desktop\Project\employee-expense-system\target\classes started by 91639 in C:\Users\91639\Desktop\Project\employee-expense-system)
2021-03-11 13:12:06,913 INFO o.s.b.SpringApplication [restartedMain] No active profile set, falling back to default profiles: default
2021-03-11 13:12:07,225 INFO o.s.d.r.c.RepositoryConfigurationDelegate [restartedMain] Bootstrapping Spring Data JPA repositories in DEFAULT mode.
2021-03-11 13:12:07,251 INFO o.s.d.r.c.RepositoryConfigurationDelegate [restartedMain] Finished Spring Data repository scanning in 24 ms. Found 5 JPA repository interfaces.
2021-03-11 13:12:07,335 INFO o.s.b.w.e.t.TomcatWebServer [restartedMain] Tomcat initialized with port(s): 8080 (http)
2021-03-11 13:12:07,336 INFO o.a.j.l.DirectJDKLog [restartedMain] Initializing ProtocolHandler ["http-nio-8080"]
2021-03-11 13:12:07,336 INFO o.a.j.l.DirectJDKLog [restartedMain] Starting service [Tomcat]
2021-03-11 13:12:07,337 INFO o.a.j.l.DirectJDKLog [restartedMain] Starting Servlet engine: [Apache Tomcat/9.0.43]
2021-03-11 13:12:07,362 INFO o.a.j.l.DirectJDKLog [restartedMain] Initializing Spring embedded WebApplicationContext
2021-03-11 13:12:07,362 INFO o.s.b.w.s.c.ServletWebServerApplicationContext [restartedMain] Root WebApplicationContext: initialization completed in 446 ms
2021-03-11 13:12:07,376 WARN o.s.c.s.AbstractApplicationContext [restartedMain] Exception encountered during context initialization - cancelling refresh attempt: org.springframework.beans.factory.UnsatisfiedDependencyException: Error creating bean with name 'inMemoryDatabaseShutdownExecutor' defined in class path resource [org/springframework/boot/devtools/autoconfigure/DevToolsDataSourceAutoConfiguration.class]: Unsatisfied dependency expressed through method 'inMemoryDatabaseShutdownExecutor' parameter 0; nested exception is org.springframework.beans.factory.BeanCreationException: Error creating bean with name 'dataSource' defined in class path resource [org/springframework/boot/autoconfigure/jdbc/DataSourceConfiguration$Hikari.class]: Bean instantiation via factory method failed; nested exception is org.springframework.beans.BeanInstantiationException: Failed to instantiate [com.zaxxer.hikari.HikariDataSource]: Factory method 'dataSource' threw exception; nested exception is org.springframework.boot.autoconfigure.jdbc.DataSourceProperties$DataSourceBeanCreationException: Failed to determine a suitable driver class
2021-03-11 13:12:07,377 INFO o.a.j.l.DirectJDKLog [restartedMain] Stopping service [Tomcat]
2021-03-11 13:12:07,383 INFO o.s.b.a.l.ConditionEvaluationReportLoggingListener [restartedMain] 

Error starting ApplicationContext. To display the conditions report re-run your application with 'debug' enabled.
2021-03-11 13:12:07,400 ERROR o.s.b.d.LoggingFailureAnalysisReporter [restartedMain] 

***************************
APPLICATION FAILED TO START
***************************

Description:

Failed to configure a DataSource: 'url' attribute is not specified and no embedded datasource could be configured.

Reason: Failed to determine a suitable driver class


Action:

Consider the following:
	If you want an embedded database (H2, HSQL or Derby), please put it on the classpath.
	If you have database settings to be loaded from a particular profile you may need to activate it (no profiles are currently active).

